Build started 10/27/2016 2:23:54 PM.
     1>Project "D:\GoogleDrive\MonitoreoVehicular\MultiTrack\MultiTrack\MultiTrack.vcxproj" on node 2 (build target(s)).
     1>PrepareForBuild:
         Creating directory "D:\GoogleDrive\MonitoreoVehicular\MultiTrack\x64\Debug\".
       InitializeBuildStatus:
         Creating "x64\Debug\MultiTrack.unsuccessfulbuild" because "AlwaysCreate" was specified.
       ClCompile:
         C:\Program Files (x86)\Microsoft Visual Studio 10.0\VC\bin\x86_amd64\CL.exe /c /ID:\CPP_LIBS\msvc10_vs2010\lib\opencv\3_1_00\include /Zi /nologo /W3 /WX- /Od /D WIN32 /D _DEBUG /D _CONSOLE /D _UNICODE /D UNICODE /Gm /EHsc /RTC1 /MDd /GS /fp:precise /Zc:wchar_t /Zc:forScope /Fo"x64\Debug\\" /Fd"x64\Debug\vc100.pdb" /Gd /TP /errorReport:prompt MTmain.cpp
         MTmain.cpp
       ManifestResourceCompile:
         C:\Program Files (x86)\Microsoft SDKs\Windows\v7.0A\bin\rc.exe /nologo /fo"x64\Debug\MultiTrack.exe.embed.manifest.res" x64\Debug\MultiTrack_manifest.rc 
       Link:
         C:\Program Files (x86)\Microsoft Visual Studio 10.0\VC\bin\x86_amd64\link.exe /ERRORREPORT:PROMPT /OUT:"D:\GoogleDrive\MonitoreoVehicular\MultiTrack\x64\Debug\MultiTrack.exe" /INCREMENTAL /NOLOGO /LIBPATH:D:\CPP_LIBS\msvc10_vs2010\lib\opencv\3_1_00\x64\debug opencv_bgsegm310d.lib opencv_bioinspired310d.lib opencv_calib3d310d.lib opencv_core310d.lib opencv_datasets310d.lib opencv_dpm310d.lib opencv_face310d.lib opencv_features2d310d.lib opencv_flann310d.lib opencv_fuzzy310d.lib opencv_highgui310d.lib opencv_imgcodecs310d.lib opencv_imgproc310d.lib opencv_line_descriptor310d.lib opencv_ml310d.lib opencv_objdetect310d.lib opencv_photo310d.lib opencv_plot310d.lib opencv_reg310d.lib opencv_rgbd310d.lib opencv_saliency310d.lib opencv_shape310d.lib opencv_stereo310d.lib opencv_stitching310d.lib opencv_superres310d.lib opencv_tracking310d.lib opencv_ts310d.lib opencv_video310d.lib opencv_videoio310d.lib opencv_videostab310d.lib opencv_viz310d.lib kernel32.lib user32.lib gdi32.lib winspool.lib comdlg32.lib advapi32.lib shell32.lib ole32.lib oleaut32.lib uuid.lib odbc32.lib odbccp32.lib /MANIFEST /ManifestFile:"x64\Debug\MultiTrack.exe.intermediate.manifest" /MANIFESTUAC:"level='asInvoker' uiAccess='false'" /DEBUG /PDB:"D:\GoogleDrive\MonitoreoVehicular\MultiTrack\x64\Debug\MultiTrack.pdb" /SUBSYSTEM:CONSOLE /TLBID:1 /DYNAMICBASE /NXCOMPAT /IMPLIB:"D:\GoogleDrive\MonitoreoVehicular\MultiTrack\x64\Debug\MultiTrack.lib" /MACHINE:X64 x64\Debug\MultiTrack.exe.embed.manifest.res
         x64\Debug\MTmain.obj
         MultiTrack.vcxproj -> D:\GoogleDrive\MonitoreoVehicular\MultiTrack\x64\Debug\MultiTrack.exe
       Manifest:
         C:\Program Files (x86)\Microsoft SDKs\Windows\v7.0A\bin\mt.exe /nologo /verbose /out:"x64\Debug\MultiTrack.exe.embed.manifest" /manifest x64\Debug\MultiTrack.exe.intermediate.manifest
         C:\Program Files (x86)\Microsoft SDKs\Windows\v7.0A\bin\rc.exe /nologo /fo"x64\Debug\MultiTrack.exe.embed.manifest.res" x64\Debug\MultiTrack_manifest.rc 
       LinkEmbedManifest:
         C:\Program Files (x86)\Microsoft Visual Studio 10.0\VC\bin\x86_amd64\link.exe /ERRORREPORT:PROMPT /OUT:"D:\GoogleDrive\MonitoreoVehicular\MultiTrack\x64\Debug\MultiTrack.exe" /INCREMENTAL /NOLOGO /LIBPATH:D:\CPP_LIBS\msvc10_vs2010\lib\opencv\3_1_00\x64\debug opencv_bgsegm310d.lib opencv_bioinspired310d.lib opencv_calib3d310d.lib opencv_core310d.lib opencv_datasets310d.lib opencv_dpm310d.lib opencv_face310d.lib opencv_features2d310d.lib opencv_flann310d.lib opencv_fuzzy310d.lib opencv_highgui310d.lib opencv_imgcodecs310d.lib opencv_imgproc310d.lib opencv_line_descriptor310d.lib opencv_ml310d.lib opencv_objdetect310d.lib opencv_photo310d.lib opencv_plot310d.lib opencv_reg310d.lib opencv_rgbd310d.lib opencv_saliency310d.lib opencv_shape310d.lib opencv_stereo310d.lib opencv_stitching310d.lib opencv_superres310d.lib opencv_tracking310d.lib opencv_ts310d.lib opencv_video310d.lib opencv_videoio310d.lib opencv_videostab310d.lib opencv_viz310d.lib kernel32.lib user32.lib gdi32.lib winspool.lib comdlg32.lib advapi32.lib shell32.lib ole32.lib oleaut32.lib uuid.lib odbc32.lib odbccp32.lib /MANIFEST /ManifestFile:"x64\Debug\MultiTrack.exe.intermediate.manifest" /MANIFESTUAC:"level='asInvoker' uiAccess='false'" /DEBUG /PDB:"D:\GoogleDrive\MonitoreoVehicular\MultiTrack\x64\Debug\MultiTrack.pdb" /SUBSYSTEM:CONSOLE /TLBID:1 /DYNAMICBASE /NXCOMPAT /IMPLIB:"D:\GoogleDrive\MonitoreoVehicular\MultiTrack\x64\Debug\MultiTrack.lib" /MACHINE:X64 x64\Debug\MultiTrack.exe.embed.manifest.res
         x64\Debug\MTmain.obj
         MultiTrack.vcxproj -> D:\GoogleDrive\MonitoreoVehicular\MultiTrack\x64\Debug\MultiTrack.exe
       FinalizeBuildStatus:
         Deleting file "x64\Debug\MultiTrack.unsuccessfulbuild".
         Touching "x64\Debug\MultiTrack.lastbuildstate".
     1>Done Building Project "D:\GoogleDrive\MonitoreoVehicular\MultiTrack\MultiTrack\MultiTrack.vcxproj" (build target(s)).

Build succeeded.

Time Elapsed 00:00:02.04
